Arguments: 
  /home/vagrant/.nvm/versions/node/v12.0.0/bin/node /home/vagrant/.yarn/bin/yarn.js init

PATH: 
  /home/vagrant/.yarn/bin:/home/vagrant/.config/yarn/global/node_modules/.bin:/home/vagrant/.nvm/versions/node/v12.0.0/bin:/usr/local/sbin:/usr/local/bin:/usr/sbin:/usr/bin:/sbin:/bin:/usr/games:/usr/local/games:/snap/bin

Yarn version: 
  1.13.0

Node version: 
  12.0.0

Platform: 
  linux x64

Trace: 
  Error: canceled
      at Interface.<anonymous> (/home/vagrant/.yarn/lib/cli.js:125657:13)
      at Interface.emit (events.js:196:13)
      at Interface._ttyWrite (readline.js:877:16)
      at ReadStream.onkeypress (readline.js:189:10)
      at ReadStream.emit (events.js:196:13)
      at emitKeys (internal/readline.js:424:14)
      at emitKeys.next (<anonymous>)
      at ReadStream.onData (readline.js:1145:36)
      at ReadStream.emit (events.js:196:13)
      at addChunk (_stream_readable.js:290:12)

npm manifest: 
  {
    "name": "shiritori-bot",
    "version": "1.0.0",
    "main": "index.js",
    "repository": "git@github.com:GurEn721/shiritori-bot.git",
    "author": "GurEn721 <guren5819@yahoo.co.jp>",
    "license": "MIT"
  }

yarn manifest: 
  No manifest

Lockfile: 
  No lockfile
